2022.07.31 00:01:00 INFO  tracing is disabled for protocol LSP, to enable tracing of incoming and outgoing JSON messages create an empty file at d:\1st sem\RAD\Assignments\Assignment1\dice\.metals\lsp.trace.json or C:\Users\Moulana\AppData\Local\scalameta\metals\cache\lsp.trace.json
2022.07.31 00:01:01 INFO  logging to file D:\1st sem\RAD\Assignments\Assignment1\dice\.metals\metals.log
2022.07.31 00:01:01 INFO  Started: Metals version 0.11.7 in workspace 'D:\1st sem\RAD\Assignments\Assignment1\dice' for client Visual Studio Code 1.69.2.
2022.07.31 00:01:02 INFO  time: initialize in 1.29s
2022.07.31 00:01:02 WARN  Flyway upgrade recommended: H2 2.1.214 is newer than this version of Flyway and support has not been tested. The latest supported version of H2 is 2.1.210.
2022.07.31 00:01:02 WARN  Build server is not auto-connectable.
2022.07.31 00:01:02 WARN  no build tool detected in workspace 'D:\1st sem\RAD\Assignments\Assignment1\dice'. The most common cause for this problem is that the editor was opened in the wrong working directory, for example if you use sbt then the workspace directory should contain build.sbt. 
2022.07.31 00:01:06 WARN  no build target for: C:\Users\Moulana\Desktop\scala\scala_tutorial\tutorial4\q1.scala
2022.07.31 00:01:06 WARN  no build target for: C:\Users\Moulana\Desktop\scala\scala_tutorial\tutorial4\q2.scala
2022.07.31 00:01:06 WARN  no build target for: C:\Users\Moulana\Desktop\scala\scala_tutorial\tutorial4\q3.scala
2022.07.31 00:01:06 WARN  no build target for: C:\Users\Moulana\Desktop\scala\scala_tutorial\tutorial4\q4.scala
2022.07.31 00:01:07 WARN  no build target for: C:\Users\Moulana\Desktop\scala\scala_tutorial\tutorial4\q5.scala
2022.07.31 00:01:13 INFO  no build target found for C:\Users\Moulana\Desktop\scala\scala_tutorial\tutorial4\q1.scala. Using presentation compiler with project's scala-library version: 3.1.3
Jul 31, 2022 12:01:14 AM org.eclipse.lsp4j.jsonrpc.RemoteEndpoint handleCancellation
WARNING: Unmatched cancel notification for request id 16
Jul 31, 2022 12:01:14 AM org.eclipse.lsp4j.jsonrpc.RemoteEndpoint handleCancellation
WARNING: Unmatched cancel notification for request id 19
Jul 31, 2022 12:01:14 AM org.eclipse.lsp4j.jsonrpc.RemoteEndpoint handleCancellation
WARNING: Unmatched cancel notification for request id 17
Jul 31, 2022 12:01:14 AM org.eclipse.lsp4j.jsonrpc.RemoteEndpoint handleCancellation
WARNING: Unmatched cancel notification for request id 24
2022.07.31 00:01:16 INFO  time: code lens generation in 1.65s
2022.07.31 00:01:16 INFO  time: code lens generation in 2.17s
2022.07.31 00:01:16 INFO  time: code lens generation in 2.76s
2022.07.31 00:01:16 INFO  time: code lens generation in 2.88s
2022.07.31 00:01:16 INFO  time: code lens generation in 2.93s
2022.07.31 00:01:16 INFO  time: code lens generation in 9.84s
2022.07.31 00:01:16 INFO  time: code lens generation in 9.94s
2022.07.31 00:01:16 INFO  time: code lens generation in 10s
